{
  message: 'Database is connected successfully.',
  level: 'info',
  label: 'University',
  timestamp: '2023-07-07T10:38:35.011Z'
}
{
  message: 'University app listening on port 5000',
  level: 'info',
  label: 'University',
  timestamp: '2023-07-07T10:38:35.029Z'
}
{
  message: 'Database is connected successfully.',
  level: 'info',
  label: 'University',
  timestamp: '2023-07-07T10:47:28.857Z'
}
{
  message: 'University app listening on port 5000',
  level: 'info',
  label: 'University',
  timestamp: '2023-07-07T10:47:28.896Z'
}
{
  message: 'Database is connected successfully.',
  level: 'info',
  label: 'University',
  timestamp: '2023-07-07T10:48:52.201Z'
}
{
  message: 'University app listening on port 5000',
  level: 'info',
  label: 'University',
  timestamp: '2023-07-07T10:48:52.221Z'
}
