{
  message: 'Database is connected successfully.',
  level: 'info',
  label: 'University',
  timestamp: '2023-07-11T06:04:51.805Z'
}
{
  message: 'University app listening on port 5000',
  level: 'info',
  label: 'University',
  timestamp: '2023-07-11T06:04:51.828Z'
}
{
  message: 'Database is connected successfully.',
  level: 'info',
  label: 'University',
  timestamp: '2023-07-11T06:22:58.837Z'
}
{
  message: 'University app listening on port 5000',
  level: 'info',
  label: 'University',
  timestamp: '2023-07-11T06:22:58.884Z'
}
{
  message: 'Database is connected successfully.',
  level: 'info',
  label: 'University',
  timestamp: '2023-07-11T06:24:04.702Z'
}
{
  message: 'University app listening on port 5000',
  level: 'info',
  label: 'University',
  timestamp: '2023-07-11T06:24:04.729Z'
}
{
  message: 'Database is connected successfully.',
  level: 'info',
  label: 'University',
  timestamp: '2023-07-11T06:26:14.136Z'
}
{
  message: 'University app listening on port 5000',
  level: 'info',
  label: 'University',
  timestamp: '2023-07-11T06:26:14.158Z'
}
