{
  message: 'Database is connected successfully.',
  level: 'info',
  label: 'University',
  timestamp: '2023-07-14T13:55:10.637Z'
}
{
  message: 'University app listening on port 5000',
  level: 'info',
  label: 'University',
  timestamp: '2023-07-14T13:55:10.663Z'
}
{
  message: 'Database is connected successfully.',
  level: 'info',
  label: 'University',
  timestamp: '2023-07-14T13:55:17.943Z'
}
{
  message: 'University app listening on port 5000',
  level: 'info',
  label: 'University',
  timestamp: '2023-07-14T13:55:17.962Z'
}
{
  message: 'Database is connected successfully.',
  level: 'info',
  label: 'University',
  timestamp: '2023-07-14T13:55:57.042Z'
}
{
  message: 'University app listening on port 5000',
  level: 'info',
  label: 'University',
  timestamp: '2023-07-14T13:55:57.063Z'
}
{
  message: 'Database is connected successfully.',
  level: 'info',
  label: 'University',
  timestamp: '2023-07-14T13:57:57.805Z'
}
{
  message: 'University app listening on port 5000',
  level: 'info',
  label: 'University',
  timestamp: '2023-07-14T13:57:57.826Z'
}
