{
  message: 'Database is connected successfully.',
  level: 'info',
  label: 'University',
  timestamp: '2023-07-10T08:11:52.077Z'
}
{
  message: 'University app listening on port 5000',
  level: 'info',
  label: 'University',
  timestamp: '2023-07-10T08:11:52.097Z'
}
{
  message: 'Database is connected successfully.',
  level: 'info',
  label: 'University',
  timestamp: '2023-07-10T08:19:16.309Z'
}
{
  message: 'University app listening on port 5000',
  level: 'info',
  label: 'University',
  timestamp: '2023-07-10T08:19:16.335Z'
}
{
  message: 'Database is connected successfully.',
  level: 'info',
  label: 'University',
  timestamp: '2023-07-10T08:22:23.816Z'
}
{
  message: 'University app listening on port 5000',
  level: 'info',
  label: 'University',
  timestamp: '2023-07-10T08:22:23.834Z'
}
{
  message: 'Database is connected successfully.',
  level: 'info',
  label: 'University',
  timestamp: '2023-07-10T08:24:07.926Z'
}
{
  message: 'University app listening on port 5000',
  level: 'info',
  label: 'University',
  timestamp: '2023-07-10T08:24:07.947Z'
}
{
  message: 'Database is connected successfully.',
  level: 'info',
  label: 'University',
  timestamp: '2023-07-10T08:25:20.624Z'
}
{
  message: 'University app listening on port 5000',
  level: 'info',
  label: 'University',
  timestamp: '2023-07-10T08:25:20.645Z'
}
{
  message: 'Database is connected successfully.',
  level: 'info',
  label: 'University',
  timestamp: '2023-07-10T08:25:59.472Z'
}
{
  message: 'University app listening on port 5000',
  level: 'info',
  label: 'University',
  timestamp: '2023-07-10T08:25:59.493Z'
}
{
  message: 'Database is connected successfully.',
  level: 'info',
  label: 'University',
  timestamp: '2023-07-10T08:38:57.234Z'
}
{
  message: 'University app listening on port 5000',
  level: 'info',
  label: 'University',
  timestamp: '2023-07-10T08:38:57.259Z'
}
{
  message: 'Database is connected successfully.',
  level: 'info',
  label: 'University',
  timestamp: '2023-07-10T08:53:07.273Z'
}
{
  message: 'University app listening on port 5000',
  level: 'info',
  label: 'University',
  timestamp: '2023-07-10T08:53:07.295Z'
}
