{
  message: 'Database is connected successfully.',
  level: 'info',
  label: 'University',
  timestamp: '2023-07-07T08:32:47.663Z'
}
{
  message: 'University app listening on port 5000',
  level: 'info',
  label: 'University',
  timestamp: '2023-07-07T08:32:47.680Z'
}
{
  message: 'Database is connected successfully.',
  level: 'info',
  label: 'University',
  timestamp: '2023-07-07T08:39:33.194Z'
}
{
  message: 'University app listening on port 5000',
  level: 'info',
  label: 'University',
  timestamp: '2023-07-07T08:39:33.211Z'
}
{
  message: 'Database is connected successfully.',
  level: 'info',
  label: 'University',
  timestamp: '2023-07-07T08:42:35.677Z'
}
{
  message: 'University app listening on port 5000',
  level: 'info',
  label: 'University',
  timestamp: '2023-07-07T08:42:35.716Z'
}
{
  message: 'Database is connected successfully.',
  level: 'info',
  label: 'University',
  timestamp: '2023-07-07T08:43:35.691Z'
}
{
  message: 'University app listening on port 5000',
  level: 'info',
  label: 'University',
  timestamp: '2023-07-07T08:43:35.761Z'
}
{
  message: 'Database is connected successfully.',
  level: 'info',
  label: 'University',
  timestamp: '2023-07-07T08:44:14.427Z'
}
{
  message: 'University app listening on port 5000',
  level: 'info',
  label: 'University',
  timestamp: '2023-07-07T08:44:14.446Z'
}
{
  message: 'Database is connected successfully.',
  level: 'info',
  label: 'University',
  timestamp: '2023-07-07T08:45:15.152Z'
}
{
  message: 'University app listening on port 5000',
  level: 'info',
  label: 'University',
  timestamp: '2023-07-07T08:45:15.172Z'
}
{
  message: 'Database is connected successfully.',
  level: 'info',
  label: 'University',
  timestamp: '2023-07-07T08:49:13.125Z'
}
{
  message: 'University app listening on port 5000',
  level: 'info',
  label: 'University',
  timestamp: '2023-07-07T08:49:13.144Z'
}
{
  message: 'Database is connected successfully.',
  level: 'info',
  label: 'University',
  timestamp: '2023-07-07T08:56:41.678Z'
}
{
  message: 'University app listening on port 5000',
  level: 'info',
  label: 'University',
  timestamp: '2023-07-07T08:56:41.697Z'
}
