{
  statusCode: 400,
  level: 'error',
  label: 'University',
  timestamp: '2023-07-07T09:13:22.320Z'
}
{
  statusCode: 400,
  level: 'error',
  label: 'University',
  timestamp: '2023-07-07T09:15:00.160Z'
}
{
  statusCode: 400,
  level: 'error',
  label: 'University',
  timestamp: '2023-07-07T09:22:11.386Z'
}
{
  statusCode: 400,
  level: 'error',
  label: 'University',
  timestamp: '2023-07-07T09:24:00.563Z'
}
{
  statusCode: 400,
  level: 'error',
  label: 'University',
  timestamp: '2023-07-07T09:25:22.152Z'
}
{
  statusCode: 400,
  level: 'error',
  label: 'University',
  timestamp: '2023-07-07T09:31:24.264Z'
}
{
  statusCode: 400,
  level: 'error',
  label: 'University',
  timestamp: '2023-07-07T09:34:17.449Z'
}
