{
  ok: 0,
  code: 2,
  codeName: 'BadValue',
  '$clusterTime': {
    clusterTime: new Timestamp({ t: 1688705468, i: 7 }),
    signature: {
      hash: Binary.createFromBase64("oSpcqUA2vzce2gmQmrC8b4l0o7A=", 0),
      keyId: new Long("7217024961276280834")
    }
  },
  operationTime: new Timestamp({ t: 1688705468, i: 7 }),
  level: 'error',
  label: 'University',
  timestamp: '2023-07-07T04:51:13.725Z',
  [Symbol(errorLabels)]: Set(0) {}
}
{
  ok: 0,
  code: 2,
  codeName: 'BadValue',
  '$clusterTime': {
    clusterTime: new Timestamp({ t: 1688705494, i: 1 }),
    signature: {
      hash: Binary.createFromBase64("GNcPcbdVz3cjYs76gbTs6W2EbyM=", 0),
      keyId: new Long("7217024961276280834")
    }
  },
  operationTime: new Timestamp({ t: 1688705494, i: 1 }),
  level: 'error',
  label: 'University',
  timestamp: '2023-07-07T04:51:40.676Z',
  [Symbol(errorLabels)]: Set(0) {}
}
