{
  stringValue: '"64a68ee80ae6bb0d6fcf211a\\n"',
  messageFormat: undefined,
  kind: 'ObjectId',
  value: '64a68ee80ae6bb0d6fcf211a\n',
  path: '_id',
  reason: BSONError: Argument passed in must be a string of 12 bytes or a string of 24 hex characters or an integer
      at new ObjectId (F:\Level-2\Mission-3\university-management-auth-service\node_modules\bson\src\objectid.ts:88:15)
      at castObjectId (F:\Level-2\Mission-3\university-management-auth-service\node_modules\mongoose\lib\cast\objectid.js:25:12)
      at ObjectId.cast (F:\Level-2\Mission-3\university-management-auth-service\node_modules\mongoose\lib\schema\objectid.js:246:12)
      at ObjectId.SchemaType.applySetters (F:\Level-2\Mission-3\university-management-auth-service\node_modules\mongoose\lib\schematype.js:1204:12)
      at ObjectId.SchemaType.castForQuery (F:\Level-2\Mission-3\university-management-auth-service\node_modules\mongoose\lib\schematype.js:1616:15)
      at cast (F:\Level-2\Mission-3\university-management-auth-service\node_modules\mongoose\lib\cast.js:348:32)
      at model.Query.Query.cast (F:\Level-2\Mission-3\university-management-auth-service\node_modules\mongoose\lib\query.js:4874:12)
      at model.Query.Query._castConditions (F:\Level-2\Mission-3\university-management-auth-service\node_modules\mongoose\lib\query.js:2210:10)
      at model.Query._findOneAndUpdate (F:\Level-2\Mission-3\university-management-auth-service\node_modules\mongoose\lib\query.js:3284:8)
      at model.Query.exec (F:\Level-2\Mission-3\university-management-auth-service\node_modules\mongoose\lib\query.js:4404:28),
  valueType: 'string',
  model: Model { AcademicSemester },
  level: 'error',
  label: 'University',
  timestamp: '2023-07-07T08:42:41.981Z'
}
{
  stringValue: '"64a68ee80ae6bb0d6fcf211a\\n"',
  messageFormat: undefined,
  kind: 'ObjectId',
  value: '64a68ee80ae6bb0d6fcf211a\n',
  path: '_id',
  reason: BSONError: Argument passed in must be a string of 12 bytes or a string of 24 hex characters or an integer
      at new ObjectId (F:\Level-2\Mission-3\university-management-auth-service\node_modules\bson\src\objectid.ts:88:15)
      at castObjectId (F:\Level-2\Mission-3\university-management-auth-service\node_modules\mongoose\lib\cast\objectid.js:25:12)
      at ObjectId.cast (F:\Level-2\Mission-3\university-management-auth-service\node_modules\mongoose\lib\schema\objectid.js:246:12)
      at ObjectId.SchemaType.applySetters (F:\Level-2\Mission-3\university-management-auth-service\node_modules\mongoose\lib\schematype.js:1204:12)
      at ObjectId.SchemaType.castForQuery (F:\Level-2\Mission-3\university-management-auth-service\node_modules\mongoose\lib\schematype.js:1616:15)
      at cast (F:\Level-2\Mission-3\university-management-auth-service\node_modules\mongoose\lib\cast.js:348:32)
      at model.Query.Query.cast (F:\Level-2\Mission-3\university-management-auth-service\node_modules\mongoose\lib\query.js:4874:12)
      at model.Query.Query._castConditions (F:\Level-2\Mission-3\university-management-auth-service\node_modules\mongoose\lib\query.js:2210:10)
      at model.Query._findOneAndUpdate (F:\Level-2\Mission-3\university-management-auth-service\node_modules\mongoose\lib\query.js:3284:8)
      at model.Query.exec (F:\Level-2\Mission-3\university-management-auth-service\node_modules\mongoose\lib\query.js:4404:28),
  valueType: 'string',
  model: Model { AcademicSemester },
  level: 'error',
  label: 'University',
  timestamp: '2023-07-07T08:43:53.186Z'
}
{
  stringValue: '"64a68ee80ae6bb0d6fcf211a\\n"',
  messageFormat: undefined,
  kind: 'ObjectId',
  value: '64a68ee80ae6bb0d6fcf211a\n',
  path: '_id',
  reason: BSONError: Argument passed in must be a string of 12 bytes or a string of 24 hex characters or an integer
      at new ObjectId (F:\Level-2\Mission-3\university-management-auth-service\node_modules\bson\src\objectid.ts:88:15)
      at castObjectId (F:\Level-2\Mission-3\university-management-auth-service\node_modules\mongoose\lib\cast\objectid.js:25:12)
      at ObjectId.cast (F:\Level-2\Mission-3\university-management-auth-service\node_modules\mongoose\lib\schema\objectid.js:246:12)
      at ObjectId.SchemaType.applySetters (F:\Level-2\Mission-3\university-management-auth-service\node_modules\mongoose\lib\schematype.js:1204:12)
      at ObjectId.SchemaType.castForQuery (F:\Level-2\Mission-3\university-management-auth-service\node_modules\mongoose\lib\schematype.js:1616:15)
      at cast (F:\Level-2\Mission-3\university-management-auth-service\node_modules\mongoose\lib\cast.js:348:32)
      at model.Query.Query.cast (F:\Level-2\Mission-3\university-management-auth-service\node_modules\mongoose\lib\query.js:4874:12)
      at model.Query.Query._castConditions (F:\Level-2\Mission-3\university-management-auth-service\node_modules\mongoose\lib\query.js:2210:10)
      at model.Query._findOneAndUpdate (F:\Level-2\Mission-3\university-management-auth-service\node_modules\mongoose\lib\query.js:3284:8)
      at model.Query.exec (F:\Level-2\Mission-3\university-management-auth-service\node_modules\mongoose\lib\query.js:4404:28),
  valueType: 'string',
  model: Model { AcademicSemester },
  level: 'error',
  label: 'University',
  timestamp: '2023-07-07T08:44:34.796Z'
}
{
  stringValue: '"64a68ee80ae6bb0d6fcf2"',
  messageFormat: undefined,
  kind: 'ObjectId',
  value: '64a68ee80ae6bb0d6fcf2',
  path: '_id',
  reason: BSONError: Argument passed in must be a string of 12 bytes or a string of 24 hex characters or an integer
      at new ObjectId (F:\Level-2\Mission-3\university-management-auth-service\node_modules\bson\src\objectid.ts:88:15)
      at castObjectId (F:\Level-2\Mission-3\university-management-auth-service\node_modules\mongoose\lib\cast\objectid.js:25:12)
      at ObjectId.cast (F:\Level-2\Mission-3\university-management-auth-service\node_modules\mongoose\lib\schema\objectid.js:246:12)
      at ObjectId.SchemaType.applySetters (F:\Level-2\Mission-3\university-management-auth-service\node_modules\mongoose\lib\schematype.js:1204:12)
      at ObjectId.SchemaType.castForQuery (F:\Level-2\Mission-3\university-management-auth-service\node_modules\mongoose\lib\schematype.js:1616:15)
      at cast (F:\Level-2\Mission-3\university-management-auth-service\node_modules\mongoose\lib\cast.js:348:32)
      at model.Query.Query.cast (F:\Level-2\Mission-3\university-management-auth-service\node_modules\mongoose\lib\query.js:4874:12)
      at model.Query.Query._castConditions (F:\Level-2\Mission-3\university-management-auth-service\node_modules\mongoose\lib\query.js:2210:10)
      at model.Query._findOneAndUpdate (F:\Level-2\Mission-3\university-management-auth-service\node_modules\mongoose\lib\query.js:3284:8)
      at model.Query.exec (F:\Level-2\Mission-3\university-management-auth-service\node_modules\mongoose\lib\query.js:4404:28),
  valueType: 'string',
  model: Model { AcademicSemester },
  level: 'error',
  label: 'University',
  timestamp: '2023-07-07T08:46:15.957Z'
}
