{
  stringValue: '"64a68ee80ae6bb0d6fcf"',
  messageFormat: undefined,
  kind: 'ObjectId',
  value: '64a68ee80ae6bb0d6fcf',
  path: '_id',
  reason: BSONError: Argument passed in must be a string of 12 bytes or a string of 24 hex characters or an integer
      at new ObjectId (F:\Level-2\Mission-3\university-management-auth-service\node_modules\bson\src\objectid.ts:88:15)
      at castObjectId (F:\Level-2\Mission-3\university-management-auth-service\node_modules\mongoose\lib\cast\objectid.js:25:12)
      at ObjectId.cast (F:\Level-2\Mission-3\university-management-auth-service\node_modules\mongoose\lib\schema\objectid.js:246:12)
      at ObjectId.SchemaType.applySetters (F:\Level-2\Mission-3\university-management-auth-service\node_modules\mongoose\lib\schematype.js:1204:12)
      at ObjectId.SchemaType.castForQuery (F:\Level-2\Mission-3\university-management-auth-service\node_modules\mongoose\lib\schematype.js:1616:15)
      at cast (F:\Level-2\Mission-3\university-management-auth-service\node_modules\mongoose\lib\cast.js:348:32)
      at model.Query.Query.cast (F:\Level-2\Mission-3\university-management-auth-service\node_modules\mongoose\lib\query.js:4874:12)
      at model.Query.Query._castConditions (F:\Level-2\Mission-3\university-management-auth-service\node_modules\mongoose\lib\query.js:2210:10)
      at model.Query._findOne (F:\Level-2\Mission-3\university-management-auth-service\node_modules\mongoose\lib\query.js:2497:8)
      at model.Query.exec (F:\Level-2\Mission-3\university-management-auth-service\node_modules\mongoose\lib\query.js:4404:28),
  valueType: 'string',
  model: Model { AcademicSemester },
  level: 'error',
  label: 'University',
  timestamp: '2023-07-07T06:00:16.291Z'
}
{
  stringValue: '"64a68ee80ae6bb0d6"',
  messageFormat: undefined,
  kind: 'ObjectId',
  value: '64a68ee80ae6bb0d6',
  path: '_id',
  reason: BSONError: Argument passed in must be a string of 12 bytes or a string of 24 hex characters or an integer
      at new ObjectId (F:\Level-2\Mission-3\university-management-auth-service\node_modules\bson\src\objectid.ts:88:15)
      at castObjectId (F:\Level-2\Mission-3\university-management-auth-service\node_modules\mongoose\lib\cast\objectid.js:25:12)
      at ObjectId.cast (F:\Level-2\Mission-3\university-management-auth-service\node_modules\mongoose\lib\schema\objectid.js:246:12)
      at ObjectId.SchemaType.applySetters (F:\Level-2\Mission-3\university-management-auth-service\node_modules\mongoose\lib\schematype.js:1204:12)
      at ObjectId.SchemaType.castForQuery (F:\Level-2\Mission-3\university-management-auth-service\node_modules\mongoose\lib\schematype.js:1616:15)
      at cast (F:\Level-2\Mission-3\university-management-auth-service\node_modules\mongoose\lib\cast.js:348:32)
      at model.Query.Query.cast (F:\Level-2\Mission-3\university-management-auth-service\node_modules\mongoose\lib\query.js:4874:12)
      at model.Query.Query._castConditions (F:\Level-2\Mission-3\university-management-auth-service\node_modules\mongoose\lib\query.js:2210:10)
      at model.Query._findOne (F:\Level-2\Mission-3\university-management-auth-service\node_modules\mongoose\lib\query.js:2497:8)
      at model.Query.exec (F:\Level-2\Mission-3\university-management-auth-service\node_modules\mongoose\lib\query.js:4404:28),
  valueType: 'string',
  model: Model { AcademicSemester },
  level: 'error',
  label: 'University',
  timestamp: '2023-07-07T06:01:43.955Z'
}
{
  stringValue: '"64a68ee80ae6bb0d6fc1a"',
  messageFormat: undefined,
  kind: 'ObjectId',
  value: '64a68ee80ae6bb0d6fc1a',
  path: '_id',
  reason: BSONError: Argument passed in must be a string of 12 bytes or a string of 24 hex characters or an integer
      at new ObjectId (F:\Level-2\Mission-3\university-management-auth-service\node_modules\bson\src\objectid.ts:88:15)
      at castObjectId (F:\Level-2\Mission-3\university-management-auth-service\node_modules\mongoose\lib\cast\objectid.js:25:12)
      at ObjectId.cast (F:\Level-2\Mission-3\university-management-auth-service\node_modules\mongoose\lib\schema\objectid.js:246:12)
      at ObjectId.SchemaType.applySetters (F:\Level-2\Mission-3\university-management-auth-service\node_modules\mongoose\lib\schematype.js:1204:12)
      at ObjectId.SchemaType.castForQuery (F:\Level-2\Mission-3\university-management-auth-service\node_modules\mongoose\lib\schematype.js:1616:15)
      at cast (F:\Level-2\Mission-3\university-management-auth-service\node_modules\mongoose\lib\cast.js:348:32)
      at model.Query.Query.cast (F:\Level-2\Mission-3\university-management-auth-service\node_modules\mongoose\lib\query.js:4874:12)
      at model.Query.Query._castConditions (F:\Level-2\Mission-3\university-management-auth-service\node_modules\mongoose\lib\query.js:2210:10)
      at model.Query._findOne (F:\Level-2\Mission-3\university-management-auth-service\node_modules\mongoose\lib\query.js:2497:8)
      at model.Query.exec (F:\Level-2\Mission-3\university-management-auth-service\node_modules\mongoose\lib\query.js:4404:28),
  valueType: 'string',
  model: Model { AcademicSemester },
  level: 'error',
  label: 'University',
  timestamp: '2023-07-07T06:06:11.413Z'
}
